Wed 12 Apr 20:38:12 EDT 2017
Locating fbd7e6af7963.
found
Connected to Switchmate fbd7e6af7963.
Turning Switchmate off.
Success!
----------------------------------
Wed 12 Apr 20:38:21 EDT 2017
Locating fbd7e6af7963.
found
Connected to Switchmate fbd7e6af7963.
Turning Switchmate on.
Success!
----------------------------------
Wed 12 Apr 20:39:51 EDT 2017
Locating fbd7e6af7963.
found
Switchmate is already on!
Success!
----------------------------------
Wed 12 Apr 20:41:00 EDT 2017
Locating fbd7e6af7963.
found
Switchmate is already on!
Success!
----------------------------------
Wed 12 Apr 20:42:03 EDT 2017
Locating fbd7e6af7963.
found
Switchmate is already on!
Success!
----------------------------------
Wed 12 Apr 20:43:01 EDT 2017
Locating fbd7e6af7963.
found
Switchmate is already on!
Success!
----------------------------------
Wed 12 Apr 20:44:08 EDT 2017
Locating fbd7e6af7963.
found
Switchmate is already on!
Success!
----------------------------------
